Tue, 21 Feb 2017 07:34:16 get_request.py[line:107] INFO Block chain info has been write into ./log/block_chain.txt.
Tue, 21 Feb 2017 07:34:16 get_request.py[line:48] INFO The type of store_list is <type 'list'>
Tue, 21 Feb 2017 07:34:16 get_request.py[line:68] INFO The type of tf_content is <type 'str'>
Tue, 21 Feb 2017 07:34:16 get_request.py[line:68] INFO The type of tf_content is <type 'str'>
Tue, 21 Feb 2017 07:34:16 get_request.py[line:83] INFO Transaction families info has been write into ./log/transaction_families.txt.
Tue, 21 Feb 2017 07:34:16 get_request.py[line:138] INFO Transaction info has been write into ./log/transactions.txt.
Tue, 21 Feb 2017 07:35:08 get_request.py[line:107] INFO Block chain info has been write into ./log/block_chain.txt.
Tue, 21 Feb 2017 07:35:08 get_request.py[line:48] INFO The type of store_list is <type 'list'>
Tue, 21 Feb 2017 07:35:08 get_request.py[line:83] INFO Transaction families info has been write into ./log/transaction_families.txt.
Tue, 21 Feb 2017 07:35:08 get_request.py[line:138] INFO Transaction info has been write into ./log/transactions.txt.
Tue, 21 Feb 2017 07:35:23 get_request.py[line:107] INFO Block chain info has been write into ./log/block_chain.txt.
Tue, 21 Feb 2017 07:35:23 get_request.py[line:83] INFO Transaction families info has been write into ./log/transaction_families.txt.
Tue, 21 Feb 2017 07:35:23 get_request.py[line:138] INFO Transaction info has been write into ./log/transactions.txt.
Thu, 23 Feb 2017 06:15:12 get_request.py[line:109] INFO Block chain info has been write into ./log/block_chain.txt.
Thu, 23 Feb 2017 06:15:12 get_request.py[line:85] INFO Transaction families info has been write into ./log/store.txt.
Thu, 23 Feb 2017 06:15:12 get_request.py[line:140] INFO Transaction info has been write into ./log/transactions.txt.
Thu, 23 Feb 2017 08:54:52 get_request.py[line:110] INFO Block chain info has been write into ./log/block_chain201702230854.txt.
Thu, 23 Feb 2017 08:54:52 get_request.py[line:86] INFO Store info has been write into ./log/store201702230854.
Thu, 23 Feb 2017 08:54:52 get_request.py[line:141] INFO Transaction info has been write into ./log/transaction201702230854.
Thu, 23 Feb 2017 09:00:02 get_request.py[line:111] INFO Block chain info has been write into ./log/201702230900/block_chain.log.
Thu, 23 Feb 2017 09:00:02 get_request.py[line:87] INFO Store info has been write into ./log/201702230900/store.log.
Thu, 23 Feb 2017 09:00:02 get_request.py[line:142] INFO Transaction info has been write into ./log/201702230900/transaction.log.
Wed, 01 Mar 2017 09:01:41 get_request.py[line:111] INFO Block chain info has been write into ./log/201703010901/block_chain.log.
Wed, 01 Mar 2017 09:01:41 get_request.py[line:87] INFO Store info has been write into ./log/201703010901/store.log.
Wed, 01 Mar 2017 09:01:41 get_request.py[line:142] INFO Transaction info has been write into ./log/201703010901/transaction.log.
Wed, 01 Mar 2017 09:15:54 get_request.py[line:111] INFO Block chain info has been write into ./log/201703010915/block_chain.log.
Wed, 01 Mar 2017 09:15:54 get_request.py[line:87] INFO Store info has been write into ./log/201703010915/store.log.
Wed, 01 Mar 2017 09:15:54 get_request.py[line:142] INFO Transaction info has been write into ./log/201703010915/transaction.log.
Wed, 01 Mar 2017 09:24:09 get_request.py[line:111] INFO Block chain info has been write into ./log/201703010924/block_chain.log.
Wed, 01 Mar 2017 09:24:09 get_request.py[line:87] INFO Store info has been write into ./log/201703010924/store.log.
Wed, 01 Mar 2017 09:24:09 get_request.py[line:142] INFO Transaction info has been write into ./log/201703010924/transaction.log.
Wed, 01 Mar 2017 09:54:40 get_request.py[line:111] INFO Block chain info has been write into ./log/201703010954/block_chain.log.
Wed, 01 Mar 2017 09:54:40 get_request.py[line:87] INFO Store info has been write into ./log/201703010954/store.log.
Wed, 01 Mar 2017 09:54:40 get_request.py[line:142] INFO Transaction info has been write into ./log/201703010954/transaction.log.
Wed, 01 Mar 2017 11:35:44 get_request.py[line:111] INFO Block chain info has been write into ./log/201703011135/block_chain.log.
Wed, 01 Mar 2017 11:35:44 get_request.py[line:87] INFO Store info has been write into ./log/201703011135/store.log.
Wed, 01 Mar 2017 11:35:44 get_request.py[line:142] INFO Transaction info has been write into ./log/201703011135/transaction.log.
Wed, 01 Mar 2017 11:40:09 get_request.py[line:111] INFO Block chain info has been write into ./log/201703011140/block_chain.log.
Wed, 01 Mar 2017 11:40:09 get_request.py[line:87] INFO Store info has been write into ./log/201703011140/store.log.
Wed, 01 Mar 2017 11:40:09 get_request.py[line:142] INFO Transaction info has been write into ./log/201703011140/transaction.log.
Wed, 01 Mar 2017 11:40:47 get_request.py[line:111] INFO Block chain info has been write into ./log/201703011140/block_chain.log.
Wed, 01 Mar 2017 11:40:47 get_request.py[line:87] INFO Store info has been write into ./log/201703011140/store.log.
Wed, 01 Mar 2017 11:40:47 get_request.py[line:142] INFO Transaction info has been write into ./log/201703011140/transaction.log.
Wed, 01 Mar 2017 11:58:26 get_request.py[line:111] INFO Block chain info has been write into ./log/201703011158/block_chain.log.
Wed, 01 Mar 2017 11:58:26 get_request.py[line:87] INFO Store info has been write into ./log/201703011158/store.log.
Wed, 01 Mar 2017 11:58:26 get_request.py[line:142] INFO Transaction info has been write into ./log/201703011158/transaction.log.
Wed, 01 Mar 2017 12:01:22 get_request.py[line:111] INFO Block chain info has been write into ./log/201703011201/block_chain.log.
Wed, 01 Mar 2017 12:01:22 get_request.py[line:87] INFO Store info has been write into ./log/201703011201/store.log.
Wed, 01 Mar 2017 12:01:22 get_request.py[line:142] INFO Transaction info has been write into ./log/201703011201/transaction.log.
Wed, 01 Mar 2017 12:13:18 get_request.py[line:111] INFO Block chain info has been write into ./log/201703011213/block_chain.log.
Wed, 01 Mar 2017 12:13:18 get_request.py[line:87] INFO Store info has been write into ./log/201703011213/store.log.
Wed, 01 Mar 2017 12:13:18 get_request.py[line:142] INFO Transaction info has been write into ./log/201703011213/transaction.log.
Wed, 01 Mar 2017 12:14:29 get_request.py[line:111] INFO Block chain info has been write into ./log/201703011214/block_chain.log.
Wed, 01 Mar 2017 12:14:30 get_request.py[line:87] INFO Store info has been write into ./log/201703011214/store.log.
Wed, 01 Mar 2017 12:14:30 get_request.py[line:142] INFO Transaction info has been write into ./log/201703011214/transaction.log.
Wed, 01 Mar 2017 12:15:49 get_request.py[line:111] INFO Block chain info has been write into ./log/201703011215/block_chain.log.
Wed, 01 Mar 2017 12:15:50 get_request.py[line:87] INFO Store info has been write into ./log/201703011215/store.log.
Wed, 01 Mar 2017 12:15:50 get_request.py[line:142] INFO Transaction info has been write into ./log/201703011215/transaction.log.
Wed, 01 Mar 2017 12:16:24 get_request.py[line:111] INFO Block chain info has been write into ./log/201703011216/block_chain.log.
Wed, 01 Mar 2017 12:16:24 get_request.py[line:87] INFO Store info has been write into ./log/201703011216/store.log.
Wed, 01 Mar 2017 12:16:24 get_request.py[line:142] INFO Transaction info has been write into ./log/201703011216/transaction.log.
Wed, 01 Mar 2017 12:19:32 get_request.py[line:111] INFO Block chain info has been write into ./log/201703011219/block_chain.log.
Wed, 01 Mar 2017 12:19:32 get_request.py[line:87] INFO Store info has been write into ./log/201703011219/store.log.
Wed, 01 Mar 2017 12:19:32 get_request.py[line:142] INFO Transaction info has been write into ./log/201703011219/transaction.log.
Wed, 01 Mar 2017 12:21:52 get_request.py[line:111] INFO Block chain info has been write into ./log/201703011221/block_chain.log.
Wed, 01 Mar 2017 12:21:52 get_request.py[line:87] INFO Store info has been write into ./log/201703011221/store.log.
Wed, 01 Mar 2017 12:21:52 get_request.py[line:142] INFO Transaction info has been write into ./log/201703011221/transaction.log.
Wed, 01 Mar 2017 12:22:48 get_request.py[line:111] INFO Block chain info has been write into ./log/201703011222/block_chain.log.
Wed, 01 Mar 2017 12:22:48 get_request.py[line:87] INFO Store info has been write into ./log/201703011222/store.log.
Wed, 01 Mar 2017 12:22:48 get_request.py[line:142] INFO Transaction info has been write into ./log/201703011222/transaction.log.
Wed, 01 Mar 2017 12:32:37 get_request.py[line:111] INFO Block chain info has been write into ./log/201703011232/block_chain.log.
Wed, 01 Mar 2017 12:32:37 get_request.py[line:87] INFO Store info has been write into ./log/201703011232/store.log.
Wed, 01 Mar 2017 12:32:37 get_request.py[line:142] INFO Transaction info has been write into ./log/201703011232/transaction.log.
Wed, 01 Mar 2017 12:34:03 get_request.py[line:111] INFO Block chain info has been write into ./log/201703011234/block_chain.log.
Wed, 01 Mar 2017 12:34:04 get_request.py[line:87] INFO Store info has been write into ./log/201703011234/store.log.
Wed, 01 Mar 2017 12:34:04 get_request.py[line:142] INFO Transaction info has been write into ./log/201703011234/transaction.log.
Wed, 01 Mar 2017 13:11:30 get_request.py[line:111] INFO Block chain info has been write into ./log/201703011311/block_chain.log.
Wed, 01 Mar 2017 13:11:30 get_request.py[line:87] INFO Store info has been write into ./log/201703011311/store.log.
Wed, 01 Mar 2017 13:13:33 get_request.py[line:111] INFO Block chain info has been write into ./log/201703011313/block_chain.log.
Wed, 01 Mar 2017 13:13:33 get_request.py[line:87] INFO Store info has been write into ./log/201703011313/store.log.
Wed, 01 Mar 2017 13:13:33 get_request.py[line:142] INFO Transaction info has been write into ./log/201703011313/transaction.log.
Wed, 01 Mar 2017 13:21:53 get_request.py[line:111] INFO Block chain info has been write into ./log/201703011321/block_chain.log.
Wed, 01 Mar 2017 13:21:53 get_request.py[line:87] INFO Store info has been write into ./log/201703011321/store.log.
Wed, 01 Mar 2017 13:21:53 get_request.py[line:142] INFO Transaction info has been write into ./log/201703011321/transaction.log.
Wed, 01 Mar 2017 13:29:31 get_request.py[line:111] INFO Block chain info has been write into ./log/201703011329/block_chain.log.
Wed, 01 Mar 2017 13:29:31 get_request.py[line:87] INFO Store info has been write into ./log/201703011329/store.log.
Wed, 01 Mar 2017 13:29:31 get_request.py[line:142] INFO Transaction info has been write into ./log/201703011329/transaction.log.
Thu, 02 Mar 2017 06:37:43 get_request.py[line:111] INFO Block chain info has been write into ./log/201703020637/block_chain.log.
Thu, 02 Mar 2017 06:37:43 get_request.py[line:87] INFO Store info has been write into ./log/201703020637/store.log.
Thu, 02 Mar 2017 06:37:43 get_request.py[line:142] INFO Transaction info has been write into ./log/201703020637/transaction.log.
Thu, 02 Mar 2017 06:46:32 get_request.py[line:111] INFO Block chain info has been write into ./log/201703020646/block_chain.log.
Thu, 02 Mar 2017 06:46:32 get_request.py[line:87] INFO Store info has been write into ./log/201703020646/store.log.
Thu, 02 Mar 2017 06:50:25 get_request.py[line:111] INFO Block chain info has been write into ./log/201703020650/block_chain.log.
Thu, 02 Mar 2017 06:50:25 get_request.py[line:87] INFO Store info has been write into ./log/201703020650/store.log.
Thu, 02 Mar 2017 06:53:02 get_request.py[line:111] INFO Block chain info has been write into ./log/201703020653/block_chain.log.
Thu, 02 Mar 2017 06:53:02 get_request.py[line:87] INFO Store info has been write into ./log/201703020653/store.log.
Thu, 02 Mar 2017 06:54:27 get_request.py[line:111] INFO Block chain info has been write into ./log/201703020654/block_chain.log.
Thu, 02 Mar 2017 06:54:27 get_request.py[line:87] INFO Store info has been write into ./log/201703020654/store.log.
Thu, 02 Mar 2017 06:55:35 get_request.py[line:111] INFO Block chain info has been write into ./log/201703020655/block_chain.log.
Thu, 02 Mar 2017 06:55:35 get_request.py[line:87] INFO Store info has been write into ./log/201703020655/store.log.
Thu, 02 Mar 2017 06:55:35 get_request.py[line:142] INFO Transaction info has been write into ./log/201703020655/transaction.log.
Thu, 02 Mar 2017 06:56:14 get_request.py[line:111] INFO Block chain info has been write into ./log/201703020656/block_chain.log.
Thu, 02 Mar 2017 06:56:14 get_request.py[line:87] INFO Store info has been write into ./log/201703020656/store.log.
Thu, 02 Mar 2017 06:56:14 get_request.py[line:142] INFO Transaction info has been write into ./log/201703020656/transaction.log.
Thu, 02 Mar 2017 06:58:44 get_request.py[line:111] INFO Block chain info has been write into ./log/201703020658/block_chain.log.
Thu, 02 Mar 2017 06:58:44 get_request.py[line:87] INFO Store info has been write into ./log/201703020658/store.log.
Thu, 02 Mar 2017 06:58:44 get_request.py[line:142] INFO Transaction info has been write into ./log/201703020658/transaction.log.
Thu, 02 Mar 2017 07:00:39 get_request.py[line:111] INFO Block chain info has been write into ./log/201703020700/block_chain.log.
Thu, 02 Mar 2017 07:00:39 get_request.py[line:87] INFO Store info has been write into ./log/201703020700/store.log.
Thu, 02 Mar 2017 07:00:39 get_request.py[line:142] INFO Transaction info has been write into ./log/201703020700/transaction.log.
Thu, 02 Mar 2017 07:19:11 get_request.py[line:111] INFO Block chain info has been write into ./log/201703020719/block_chain.log.
Thu, 02 Mar 2017 07:19:11 get_request.py[line:87] INFO Store info has been write into ./log/201703020719/store.log.
Thu, 02 Mar 2017 07:19:11 get_request.py[line:142] INFO Transaction info has been write into ./log/201703020719/transaction.log.
Thu, 02 Mar 2017 07:21:22 get_request.py[line:111] INFO Block chain info has been write into ./log/201703020721/block_chain.log.
Thu, 02 Mar 2017 07:21:22 get_request.py[line:87] INFO Store info has been write into ./log/201703020721/store.log.
Thu, 02 Mar 2017 07:21:22 get_request.py[line:142] INFO Transaction info has been write into ./log/201703020721/transaction.log.
Thu, 02 Mar 2017 07:21:45 get_request.py[line:111] INFO Block chain info has been write into ./log/201703020721/block_chain.log.
Thu, 02 Mar 2017 07:21:45 get_request.py[line:87] INFO Store info has been write into ./log/201703020721/store.log.
Thu, 02 Mar 2017 07:21:45 get_request.py[line:142] INFO Transaction info has been write into ./log/201703020721/transaction.log.
Thu, 02 Mar 2017 07:22:10 get_request.py[line:111] INFO Block chain info has been write into ./log/201703020722/block_chain.log.
Thu, 02 Mar 2017 07:22:10 get_request.py[line:87] INFO Store info has been write into ./log/201703020722/store.log.
Thu, 02 Mar 2017 07:22:10 get_request.py[line:142] INFO Transaction info has been write into ./log/201703020722/transaction.log.
Thu, 02 Mar 2017 07:29:03 get_request.py[line:111] INFO Block chain info has been write into ./log/201703020729/block_chain.log.
Thu, 02 Mar 2017 07:29:03 get_request.py[line:87] INFO Store info has been write into ./log/201703020729/store.log.
Thu, 02 Mar 2017 07:29:03 get_request.py[line:142] INFO Transaction info has been write into ./log/201703020729/transaction.log.
Thu, 02 Mar 2017 07:31:37 get_request.py[line:111] INFO Block chain info has been write into ./log/201703020731/block_chain.log.
Thu, 02 Mar 2017 07:31:37 get_request.py[line:87] INFO Store info has been write into ./log/201703020731/store.log.
Thu, 02 Mar 2017 07:31:37 get_request.py[line:142] INFO Transaction info has been write into ./log/201703020731/transaction.log.
Thu, 02 Mar 2017 07:32:07 get_request.py[line:111] INFO Block chain info has been write into ./log/201703020732/block_chain.log.
Thu, 02 Mar 2017 07:32:07 get_request.py[line:87] INFO Store info has been write into ./log/201703020732/store.log.
Thu, 02 Mar 2017 07:32:07 get_request.py[line:142] INFO Transaction info has been write into ./log/201703020732/transaction.log.
Thu, 02 Mar 2017 08:02:37 get_request.py[line:111] INFO Block chain info has been write into ./log/201703020802/block_chain.log.
Thu, 02 Mar 2017 08:02:37 get_request.py[line:87] INFO Store info has been write into ./log/201703020802/store.log.
Thu, 02 Mar 2017 08:02:37 get_request.py[line:142] INFO Transaction info has been write into ./log/201703020802/transaction.log.
Thu, 02 Mar 2017 08:09:47 get_request.py[line:111] INFO Block chain info has been write into ./log/201703020809/block_chain.log.
Thu, 02 Mar 2017 08:09:47 get_request.py[line:87] INFO Store info has been write into ./log/201703020809/store.log.
Thu, 02 Mar 2017 08:09:47 get_request.py[line:142] INFO Transaction info has been write into ./log/201703020809/transaction.log.
Thu, 02 Mar 2017 08:11:46 get_request.py[line:111] INFO Block chain info has been write into ./log/201703020811/block_chain.log.
Thu, 02 Mar 2017 08:11:46 get_request.py[line:87] INFO Store info has been write into ./log/201703020811/store.log.
Thu, 02 Mar 2017 08:11:46 get_request.py[line:142] INFO Transaction info has been write into ./log/201703020811/transaction.log.
Thu, 02 Mar 2017 08:11:59 get_request.py[line:111] INFO Block chain info has been write into ./log/201703020811/block_chain.log.
Thu, 02 Mar 2017 08:11:59 get_request.py[line:87] INFO Store info has been write into ./log/201703020811/store.log.
Thu, 02 Mar 2017 08:11:59 get_request.py[line:142] INFO Transaction info has been write into ./log/201703020811/transaction.log.
Thu, 02 Mar 2017 08:12:16 get_request.py[line:111] INFO Block chain info has been write into ./log/201703020812/block_chain.log.
Thu, 02 Mar 2017 08:12:16 get_request.py[line:87] INFO Store info has been write into ./log/201703020812/store.log.
Thu, 02 Mar 2017 08:12:16 get_request.py[line:142] INFO Transaction info has been write into ./log/201703020812/transaction.log.
Thu, 02 Mar 2017 08:14:07 get_request.py[line:111] INFO Block chain info has been write into ./log/201703020814/block_chain.log.
Thu, 02 Mar 2017 08:14:07 get_request.py[line:87] INFO Store info has been write into ./log/201703020814/store.log.
Thu, 02 Mar 2017 08:14:07 get_request.py[line:142] INFO Transaction info has been write into ./log/201703020814/transaction.log.
Thu, 02 Mar 2017 08:14:49 get_request.py[line:111] INFO Block chain info has been write into ./log/201703020814/block_chain.log.
Thu, 02 Mar 2017 08:14:49 get_request.py[line:87] INFO Store info has been write into ./log/201703020814/store.log.
Thu, 02 Mar 2017 08:14:49 get_request.py[line:142] INFO Transaction info has been write into ./log/201703020814/transaction.log.
Thu, 02 Mar 2017 08:46:28 get_request.py[line:111] INFO Block chain info has been write into ./log/201703020846/block_chain.log.
Thu, 02 Mar 2017 08:46:28 get_request.py[line:87] INFO Store info has been write into ./log/201703020846/store.log.
Thu, 02 Mar 2017 08:46:29 get_request.py[line:142] INFO Transaction info has been write into ./log/201703020846/transaction.log.
Thu, 02 Mar 2017 09:20:18 get_request.py[line:111] INFO Block chain info has been write into ./log/201703020920/block_chain.log.
Thu, 02 Mar 2017 09:20:18 get_request.py[line:87] INFO Store info has been write into ./log/201703020920/store.log.
Thu, 02 Mar 2017 09:20:18 get_request.py[line:142] INFO Transaction info has been write into ./log/201703020920/transaction.log.
Thu, 02 Mar 2017 12:02:05 get_request.py[line:111] INFO Block chain info has been write into ./log/201703021202/block_chain.log.
Thu, 02 Mar 2017 12:02:05 get_request.py[line:87] INFO Store info has been write into ./log/201703021202/store.log.
Thu, 02 Mar 2017 12:02:05 get_request.py[line:142] INFO Transaction info has been write into ./log/201703021202/transaction.log.
Fri, 03 Mar 2017 02:35:32 get_request.py[line:111] INFO Block chain info has been write into ./log/201703030235/block_chain.log.
Fri, 03 Mar 2017 02:35:32 get_request.py[line:87] INFO Store info has been write into ./log/201703030235/store.log.
Fri, 03 Mar 2017 02:35:32 get_request.py[line:142] INFO Transaction info has been write into ./log/201703030235/transaction.log.
Tue, 07 Mar 2017 06:45:51 get_request.py[line:111] INFO Block chain info has been write into ./log/201703070645/block_chain.log.
Tue, 07 Mar 2017 06:45:51 get_request.py[line:87] INFO Store info has been write into ./log/201703070645/store.log.
Tue, 07 Mar 2017 06:45:51 get_request.py[line:142] INFO Transaction info has been write into ./log/201703070645/transaction.log.
Tue, 07 Mar 2017 07:05:24 get_request.py[line:111] INFO Block chain info has been write into ./log/201703070705/block_chain.log.
Tue, 07 Mar 2017 07:05:24 get_request.py[line:87] INFO Store info has been write into ./log/201703070705/store.log.
Tue, 07 Mar 2017 07:05:24 get_request.py[line:142] INFO Transaction info has been write into ./log/201703070705/transaction.log.
Tue, 07 Mar 2017 07:08:05 get_request.py[line:111] INFO Block chain info has been write into ./log/201703070708/block_chain.log.
Tue, 07 Mar 2017 07:08:05 get_request.py[line:87] INFO Store info has been write into ./log/201703070708/store.log.
Tue, 07 Mar 2017 07:08:05 get_request.py[line:142] INFO Transaction info has been write into ./log/201703070708/transaction.log.
Tue, 07 Mar 2017 07:09:03 get_request.py[line:111] INFO Block chain info has been write into ./log/201703070709/block_chain.log.
Tue, 07 Mar 2017 07:09:03 get_request.py[line:87] INFO Store info has been write into ./log/201703070709/store.log.
Tue, 07 Mar 2017 07:09:03 get_request.py[line:142] INFO Transaction info has been write into ./log/201703070709/transaction.log.
Tue, 07 Mar 2017 07:11:01 get_request.py[line:111] INFO Block chain info has been write into ./log/201703070711/block_chain.log.
Tue, 07 Mar 2017 07:11:01 get_request.py[line:87] INFO Store info has been write into ./log/201703070711/store.log.
Tue, 07 Mar 2017 07:11:01 get_request.py[line:142] INFO Transaction info has been write into ./log/201703070711/transaction.log.
Thu, 09 Mar 2017 02:55:21 get_request.py[line:111] INFO Block chain info has been write into ./log/201703090255/block_chain.log.
Thu, 09 Mar 2017 02:55:21 get_request.py[line:87] INFO Store info has been write into ./log/201703090255/store.log.
Thu, 09 Mar 2017 02:55:22 get_request.py[line:142] INFO Transaction info has been write into ./log/201703090255/transaction.log.
Thu, 09 Mar 2017 02:57:03 get_request.py[line:111] INFO Block chain info has been write into ./log/201703090257/block_chain.log.
Thu, 09 Mar 2017 02:57:03 get_request.py[line:87] INFO Store info has been write into ./log/201703090257/store.log.
Thu, 09 Mar 2017 02:57:04 get_request.py[line:142] INFO Transaction info has been write into ./log/201703090257/transaction.log.
Thu, 09 Mar 2017 06:45:01 get_request.py[line:111] INFO Block chain info has been write into ./log/201703090645/block_chain.log.
Thu, 09 Mar 2017 06:45:01 get_request.py[line:87] INFO Store info has been write into ./log/201703090645/store.log.
Thu, 09 Mar 2017 06:45:02 get_request.py[line:142] INFO Transaction info has been write into ./log/201703090645/transaction.log.
Fri, 10 Mar 2017 05:58:52 get_request.py[line:111] INFO Block chain info has been write into ./log/201703100558/block_chain.log.
Fri, 10 Mar 2017 05:58:52 get_request.py[line:87] INFO Store info has been write into ./log/201703100558/store.log.
Fri, 10 Mar 2017 05:58:52 get_request.py[line:142] INFO Transaction info has been write into ./log/201703100558/transaction.log.
Fri, 10 Mar 2017 06:52:41 get_request.py[line:111] INFO Block chain info has been write into ./log/201703100652/block_chain.log.
Fri, 10 Mar 2017 06:52:41 get_request.py[line:87] INFO Store info has been write into ./log/201703100652/store.log.
Fri, 10 Mar 2017 06:52:41 get_request.py[line:142] INFO Transaction info has been write into ./log/201703100652/transaction.log.
Fri, 10 Mar 2017 08:09:25 get_request.py[line:111] INFO Block chain info has been write into ./log/201703100809/block_chain.log.
Fri, 10 Mar 2017 08:09:25 get_request.py[line:87] INFO Store info has been write into ./log/201703100809/store.log.
Fri, 10 Mar 2017 08:09:25 get_request.py[line:142] INFO Transaction info has been write into ./log/201703100809/transaction.log.
Thu, 30 Mar 2017 15:37:25 get_request.py[line:111] INFO Block chain info has been write into ./log/201703301537/block_chain.log.
Thu, 30 Mar 2017 15:37:25 get_request.py[line:87] INFO Store info has been write into ./log/201703301537/store.log.
Thu, 30 Mar 2017 15:37:25 get_request.py[line:142] INFO Transaction info has been write into ./log/201703301537/transaction.log.
Thu, 30 Mar 2017 15:38:26 get_request.py[line:111] INFO Block chain info has been write into ./log/201703301538/block_chain.log.
Thu, 30 Mar 2017 15:38:26 get_request.py[line:87] INFO Store info has been write into ./log/201703301538/store.log.
Thu, 30 Mar 2017 15:38:26 get_request.py[line:142] INFO Transaction info has been write into ./log/201703301538/transaction.log.
Thu, 30 Mar 2017 15:42:35 get_request.py[line:111] INFO Block chain info has been write into ./log/201703301542/block_chain.log.
Thu, 30 Mar 2017 15:42:35 get_request.py[line:87] INFO Store info has been write into ./log/201703301542/store.log.
Thu, 30 Mar 2017 15:42:35 get_request.py[line:142] INFO Transaction info has been write into ./log/201703301542/transaction.log.
Thu, 30 Mar 2017 15:44:05 get_request.py[line:111] INFO Block chain info has been write into ./log/201703301544/block_chain.log.
Thu, 30 Mar 2017 15:44:05 get_request.py[line:87] INFO Store info has been write into ./log/201703301544/store.log.
Thu, 30 Mar 2017 15:44:05 get_request.py[line:142] INFO Transaction info has been write into ./log/201703301544/transaction.log.
Thu, 30 Mar 2017 15:45:48 get_request.py[line:111] INFO Block chain info has been write into ./log/201703301545/block_chain.log.
Thu, 30 Mar 2017 15:45:48 get_request.py[line:87] INFO Store info has been write into ./log/201703301545/store.log.
Thu, 30 Mar 2017 15:45:48 get_request.py[line:142] INFO Transaction info has been write into ./log/201703301545/transaction.log.
Thu, 30 Mar 2017 15:47:33 get_request.py[line:111] INFO Block chain info has been write into ./log/201703301547/block_chain.log.
Thu, 30 Mar 2017 15:47:33 get_request.py[line:87] INFO Store info has been write into ./log/201703301547/store.log.
Thu, 30 Mar 2017 15:47:33 get_request.py[line:142] INFO Transaction info has been write into ./log/201703301547/transaction.log.
Thu, 30 Mar 2017 15:56:01 get_request.py[line:111] INFO Block chain info has been write into ./log/201703301556/block_chain.log.
Thu, 30 Mar 2017 15:56:01 get_request.py[line:87] INFO Store info has been write into ./log/201703301556/store.log.
Thu, 30 Mar 2017 15:56:01 get_request.py[line:142] INFO Transaction info has been write into ./log/201703301556/transaction.log.
Thu, 30 Mar 2017 15:58:49 get_request.py[line:111] INFO Block chain info has been write into ./log/201703301558/block_chain.log.
Thu, 30 Mar 2017 15:58:49 get_request.py[line:87] INFO Store info has been write into ./log/201703301558/store.log.
Thu, 30 Mar 2017 15:58:49 get_request.py[line:142] INFO Transaction info has been write into ./log/201703301558/transaction.log.
Thu, 30 Mar 2017 16:17:36 get_request.py[line:111] INFO Block chain info has been write into ./log/201703301617/block_chain.log.
Thu, 30 Mar 2017 16:17:36 get_request.py[line:87] INFO Store info has been write into ./log/201703301617/store.log.
Thu, 30 Mar 2017 16:17:36 get_request.py[line:142] INFO Transaction info has been write into ./log/201703301617/transaction.log.
Thu, 30 Mar 2017 16:18:14 get_request.py[line:111] INFO Block chain info has been write into ./log/201703301618/block_chain.log.
Thu, 30 Mar 2017 16:18:14 get_request.py[line:87] INFO Store info has been write into ./log/201703301618/store.log.
Thu, 30 Mar 2017 16:18:14 get_request.py[line:142] INFO Transaction info has been write into ./log/201703301618/transaction.log.
Thu, 30 Mar 2017 16:21:13 get_request.py[line:111] INFO Block chain info has been write into ./log/201703301621/block_chain.log.
Thu, 30 Mar 2017 16:21:13 get_request.py[line:87] INFO Store info has been write into ./log/201703301621/store.log.
Thu, 30 Mar 2017 16:21:13 get_request.py[line:142] INFO Transaction info has been write into ./log/201703301621/transaction.log.
Thu, 30 Mar 2017 16:25:32 get_request.py[line:111] INFO Block chain info has been write into ./log/201703301625/block_chain.log.
Thu, 30 Mar 2017 16:25:32 get_request.py[line:87] INFO Store info has been write into ./log/201703301625/store.log.
Thu, 30 Mar 2017 16:25:32 get_request.py[line:142] INFO Transaction info has been write into ./log/201703301625/transaction.log.
Thu, 30 Mar 2017 16:26:05 get_request.py[line:111] INFO Block chain info has been write into ./log/201703301626/block_chain.log.
Thu, 30 Mar 2017 16:26:05 get_request.py[line:87] INFO Store info has been write into ./log/201703301626/store.log.
Thu, 30 Mar 2017 16:26:05 get_request.py[line:142] INFO Transaction info has been write into ./log/201703301626/transaction.log.
Thu, 30 Mar 2017 16:28:58 get_request.py[line:111] INFO Block chain info has been write into ./log/201703301628/block_chain.log.
Thu, 30 Mar 2017 16:28:58 get_request.py[line:87] INFO Store info has been write into ./log/201703301628/store.log.
Thu, 30 Mar 2017 16:28:59 get_request.py[line:142] INFO Transaction info has been write into ./log/201703301628/transaction.log.
Thu, 30 Mar 2017 16:30:03 get_request.py[line:111] INFO Block chain info has been write into ./log/201703301630/block_chain.log.
Thu, 30 Mar 2017 16:30:03 get_request.py[line:87] INFO Store info has been write into ./log/201703301630/store.log.
Thu, 30 Mar 2017 16:30:03 get_request.py[line:142] INFO Transaction info has been write into ./log/201703301630/transaction.log.
Thu, 30 Mar 2017 16:31:14 get_request.py[line:111] INFO Block chain info has been write into ./log/201703301631/block_chain.log.
Thu, 30 Mar 2017 16:31:14 get_request.py[line:87] INFO Store info has been write into ./log/201703301631/store.log.
Thu, 30 Mar 2017 16:33:02 get_request.py[line:111] INFO Block chain info has been write into ./log/201703301633/block_chain.log.
Thu, 30 Mar 2017 16:33:02 get_request.py[line:87] INFO Store info has been write into ./log/201703301633/store.log.
Thu, 30 Mar 2017 16:33:03 get_request.py[line:142] INFO Transaction info has been write into ./log/201703301633/transaction.log.
Fri, 31 Mar 2017 02:50:54 get_request.py[line:111] INFO Block chain info has been write into ./log/201703310250/block_chain.log.
Fri, 31 Mar 2017 02:50:54 get_request.py[line:87] INFO Store info has been write into ./log/201703310250/store.log.
Fri, 31 Mar 2017 02:50:54 get_request.py[line:142] INFO Transaction info has been write into ./log/201703310250/transaction.log.
Fri, 31 Mar 2017 02:58:27 get_request.py[line:111] INFO Block chain info has been write into ./log/201703310258/block_chain.log.
Fri, 31 Mar 2017 02:58:27 get_request.py[line:87] INFO Store info has been write into ./log/201703310258/store.log.
Fri, 31 Mar 2017 02:58:27 get_request.py[line:142] INFO Transaction info has been write into ./log/201703310258/transaction.log.
Fri, 31 Mar 2017 04:39:42 get_request.py[line:111] INFO Block chain info has been write into ./log/201703310439/block_chain.log.
Fri, 31 Mar 2017 04:39:43 get_request.py[line:87] INFO Store info has been write into ./log/201703310439/store.log.
Fri, 31 Mar 2017 04:39:43 get_request.py[line:142] INFO Transaction info has been write into ./log/201703310439/transaction.log.
Fri, 31 Mar 2017 04:40:57 get_request.py[line:111] INFO Block chain info has been write into ./log/201703310440/block_chain.log.
Fri, 31 Mar 2017 04:40:57 get_request.py[line:87] INFO Store info has been write into ./log/201703310440/store.log.
Fri, 31 Mar 2017 04:40:57 get_request.py[line:142] INFO Transaction info has been write into ./log/201703310440/transaction.log.
Fri, 31 Mar 2017 04:42:19 get_request.py[line:111] INFO Block chain info has been write into ./log/201703310442/block_chain.log.
Fri, 31 Mar 2017 04:42:19 get_request.py[line:87] INFO Store info has been write into ./log/201703310442/store.log.
Fri, 31 Mar 2017 04:42:19 get_request.py[line:142] INFO Transaction info has been write into ./log/201703310442/transaction.log.
Fri, 31 Mar 2017 04:43:48 get_request.py[line:111] INFO Block chain info has been write into ./log/201703310443/block_chain.log.
Fri, 31 Mar 2017 04:43:48 get_request.py[line:87] INFO Store info has been write into ./log/201703310443/store.log.
Fri, 31 Mar 2017 04:43:48 get_request.py[line:142] INFO Transaction info has been write into ./log/201703310443/transaction.log.
Wed, 12 Apr 2017 11:57:14 get_request.py[line:111] INFO Block chain info has been write into ./log/201704121157/block_chain.log.
Wed, 12 Apr 2017 11:57:14 get_request.py[line:87] INFO Store info has been write into ./log/201704121157/store.log.
Wed, 12 Apr 2017 11:57:14 get_request.py[line:142] INFO Transaction info has been write into ./log/201704121157/transaction.log.
Wed, 12 Apr 2017 11:57:35 get_request.py[line:111] INFO Block chain info has been write into ./log/201704121157/block_chain.log.
Wed, 12 Apr 2017 11:57:35 get_request.py[line:87] INFO Store info has been write into ./log/201704121157/store.log.
Wed, 12 Apr 2017 11:57:35 get_request.py[line:142] INFO Transaction info has been write into ./log/201704121157/transaction.log.
Wed, 12 Apr 2017 12:02:42 get_request.py[line:111] INFO Block chain info has been write into ./log/201704121202/block_chain.log.
Wed, 12 Apr 2017 12:02:42 get_request.py[line:87] INFO Store info has been write into ./log/201704121202/store.log.
Wed, 12 Apr 2017 12:02:42 get_request.py[line:142] INFO Transaction info has been write into ./log/201704121202/transaction.log.
Wed, 12 Apr 2017 12:21:39 get_request.py[line:111] INFO Block chain info has been write into ./log/201704121221/block_chain.log.
Wed, 12 Apr 2017 12:21:39 get_request.py[line:87] INFO Store info has been write into ./log/201704121221/store.log.
Wed, 12 Apr 2017 12:21:39 get_request.py[line:142] INFO Transaction info has been write into ./log/201704121221/transaction.log.
Wed, 12 Apr 2017 12:25:30 get_request.py[line:111] INFO Block chain info has been write into ./log/201704121225/block_chain.log.
Wed, 12 Apr 2017 12:25:30 get_request.py[line:87] INFO Store info has been write into ./log/201704121225/store.log.
Wed, 12 Apr 2017 12:25:30 get_request.py[line:142] INFO Transaction info has been write into ./log/201704121225/transaction.log.
Wed, 12 Apr 2017 12:26:51 get_request.py[line:111] INFO Block chain info has been write into ./log/201704121226/block_chain.log.
Wed, 12 Apr 2017 12:26:51 get_request.py[line:87] INFO Store info has been write into ./log/201704121226/store.log.
Wed, 12 Apr 2017 12:26:51 get_request.py[line:142] INFO Transaction info has been write into ./log/201704121226/transaction.log.
Wed, 12 Apr 2017 12:28:31 get_request.py[line:111] INFO Block chain info has been write into ./log/201704121228/block_chain.log.
Wed, 12 Apr 2017 12:28:31 get_request.py[line:87] INFO Store info has been write into ./log/201704121228/store.log.
Wed, 12 Apr 2017 12:28:31 get_request.py[line:142] INFO Transaction info has been write into ./log/201704121228/transaction.log.
Wed, 12 Apr 2017 12:30:01 get_request.py[line:111] INFO Block chain info has been write into ./log/201704121230/block_chain.log.
Wed, 12 Apr 2017 12:30:01 get_request.py[line:87] INFO Store info has been write into ./log/201704121230/store.log.
Wed, 12 Apr 2017 12:30:01 get_request.py[line:142] INFO Transaction info has been write into ./log/201704121230/transaction.log.
Wed, 12 Apr 2017 12:42:09 get_request.py[line:111] INFO Block chain info has been write into ./log/201704121242/block_chain.log.
Wed, 12 Apr 2017 12:42:09 get_request.py[line:87] INFO Store info has been write into ./log/201704121242/store.log.
Wed, 12 Apr 2017 12:42:09 get_request.py[line:142] INFO Transaction info has been write into ./log/201704121242/transaction.log.
Wed, 12 Apr 2017 12:43:28 get_request.py[line:111] INFO Block chain info has been write into ./log/201704121243/block_chain.log.
Wed, 12 Apr 2017 12:43:28 get_request.py[line:87] INFO Store info has been write into ./log/201704121243/store.log.
Wed, 12 Apr 2017 12:43:28 get_request.py[line:142] INFO Transaction info has been write into ./log/201704121243/transaction.log.
Wed, 12 Apr 2017 12:47:30 get_request.py[line:111] INFO Block chain info has been write into ./log/201704121247/block_chain.log.
Wed, 12 Apr 2017 12:47:30 get_request.py[line:87] INFO Store info has been write into ./log/201704121247/store.log.
Wed, 12 Apr 2017 12:47:30 get_request.py[line:142] INFO Transaction info has been write into ./log/201704121247/transaction.log.
